<?xml version="1.0" encoding="UTF-8"?>
<testsuite xmlns:xsi="http://www.w3.org/2001/XMLSchema-instance" xsi:noNamespaceSchemaLocation="https://maven.apache.org/surefire/maven-surefire-plugin/xsd/surefire-test-report.xsd" name="demo.task1.AppTest" time="0" tests="3" errors="0" skipped="0" failures="0">
  <properties>
[...]
</properties>
  <testcase name="main" classname="demo.task1.AppTest" time="0"/>
  <testcase name="testMax" classname="demo.task1.AppTest$Max" time="0"/>
  <testcase name="testMax2" classname="demo.task1.AppTest$Max" time="0"/>
</testsuite>