<?xml version="1.0" encoding="UTF-8"?>
<testsuite xmlns:xsi="http://www.w3.org/2001/XMLSchema-instance" xsi:noNamespaceSchemaLocation="https://maven.apache.org/surefire/maven-surefire-plugin/xsd/surefire-test-report.xsd" name="Bank.BankImplTest" time="0.208" tests="19" errors="0" skipped="0" failures="0">
  <properties>
[...]
</properties>
  <testcase name="transfer2" classname="Bank.BankImplTest$Transfer" time="0.042"/>
  <testcase name="transfer3" classname="Bank.BankImplTest$Transfer" time="0"/>
  <testcase name="transfer" classname="Bank.BankImplTest$Transfer" time="0"/>
  <testcase name="withdraw" classname="Bank.BankImplTest$Withdraw" time="0"/>
  <testcase name="withdraw2" classname="Bank.BankImplTest$Withdraw" time="0.008"/>
  <testcase name="withdraw3" classname="Bank.BankImplTest$Withdraw" time="0.004"/>
  <testcase name="withdraw4" classname="Bank.BankImplTest$Withdraw" time="0"/>
  <testcase name="getBalance2" classname="Bank.BankImplTest$getBalance" time="0"/>
  <testcase name="getBalance3" classname="Bank.BankImplTest$getBalance" time="0"/>
  <testcase name="getBalance4" classname="Bank.BankImplTest$getBalance" time="0.005"/>
  <testcase name="getBalance" classname="Bank.BankImplTest$getBalance" time="0"/>
  <testcase name="deposit2" classname="Bank.BankImplTest$Deposit" time="0"/>
  <testcase name="deposit3" classname="Bank.BankImplTest$Deposit" time="0.002"/>
  <testcase name="deposit4" classname="Bank.BankImplTest$Deposit" time="0.004"/>
  <testcase name="deposit" classname="Bank.BankImplTest$Deposit" time="0"/>
  <testcase name="findAccount2" classname="Bank.BankImplTest$FindAccount" time="0.001"/>
  <testcase name="findAccount" classname="Bank.BankImplTest$FindAccount" time="0"/>
  <testcase name="createAccount2" classname="Bank.BankImplTest$CreateAccount" time="0.001"/>
  <testcase name="createAccount" classname="Bank.BankImplTest$CreateAccount" time="0.003"/>
</testsuite>